<?xml version="1.0" encoding="UTF-8"?>
<testsuite xmlns:xsi="http://www.w3.org/2001/XMLSchema-instance" xsi:noNamespaceSchemaLocation="https://maven.apache.org/surefire/maven-surefire-plugin/xsd/surefire-test-report-3.0.xsd" version="3.0" name="strategies.StrategyTest" time="0.019" tests="3" errors="0" skipped="0" failures="3">
  <properties>
[...]
</properties>
  <testcase name="testAskAction" classname="strategies.StrategyTest" time="0.005">
    <failure type="org.opentest4j.AssertionFailedError"><![CDATA[org.opentest4j.AssertionFailedError: Not yet implemented
	at strategies.StrategyTest.testAskAction(StrategyTest.java:21)
]]></failure>
  </testcase>
  <testcase name="testStrategy" classname="strategies.StrategyTest" time="0.002">
    <failure type="org.opentest4j.AssertionFailedError"><![CDATA[org.opentest4j.AssertionFailedError: Not yet implemented
	at strategies.StrategyTest.testStrategy(StrategyTest.java:16)
]]></failure>
  </testcase>
  <testcase name="testGetOpponentLastAction" classname="strategies.StrategyTest" time="0.001">
    <failure type="org.opentest4j.AssertionFailedError"><![CDATA[org.opentest4j.AssertionFailedError: Not yet implemented
	at strategies.StrategyTest.testGetOpponentLastAction(StrategyTest.java:26)
]]></failure>
  </testcase>
</testsuite>